<?xml version="1.0" encoding="UTF-8"?>
<testsuite xmlns:xsi="http://www.w3.org/2001/XMLSchema-instance" xsi:noNamespaceSchemaLocation="https://maven.apache.org/surefire/maven-surefire-plugin/xsd/surefire-test-report.xsd" name="Logic.Controller.ExpenseControllerTest" time="0.104" tests="20" errors="0" skipped="0" failures="0">
  <properties>
    <property name="sun.desktop" value="windows"/>
    <property name="awt.toolkit" value="sun.awt.windows.WToolkit"/>
    <property name="file.encoding.pkg" value="sun.io"/>
    <property name="java.specification.version" value="1.8"/>
    <property name="sun.cpu.isalist" value="amd64"/>
    <property name="sun.jnu.encoding" value="Cp1252"/>
    <property name="java.class.path" value="C:\Users\Bruger\Desktop\MyPrograms\MyProjects\TriforkProject\target\test-classes;C:\Users\Bruger\Desktop\MyPrograms\MyProjects\TriforkProject\target\classes;C:\Users\Bruger\.m2\repository\org\junit\jupiter\junit-jupiter-api\5.3.1\junit-jupiter-api-5.3.1.jar;C:\Users\Bruger\.m2\repository\org\apiguardian\apiguardian-api\1.0.0\apiguardian-api-1.0.0.jar;C:\Users\Bruger\.m2\repository\org\opentest4j\opentest4j\1.1.1\opentest4j-1.1.1.jar;C:\Users\Bruger\.m2\repository\org\junit\platform\junit-platform-commons\1.3.1\junit-platform-commons-1.3.1.jar;C:\Users\Bruger\.m2\repository\org\junit\jupiter\junit-jupiter-params\5.3.1\junit-jupiter-params-5.3.1.jar;C:\Users\Bruger\.m2\repository\org\junit\jupiter\junit-jupiter-engine\5.3.1\junit-jupiter-engine-5.3.1.jar;C:\Users\Bruger\.m2\repository\org\junit\platform\junit-platform-engine\1.3.1\junit-platform-engine-1.3.1.jar;"/>
    <property name="java.vm.vendor" value="Oracle Corporation"/>
    <property name="sun.arch.data.model" value="64"/>
    <property name="user.variant" value=""/>
    <property name="java.vendor.url" value="http://java.oracle.com/"/>
    <property name="user.timezone" value=""/>
    <property name="java.vm.specification.version" value="1.8"/>
    <property name="os.name" value="Windows 10"/>
    <property name="sun.java.launcher" value="SUN_STANDARD"/>
    <property name="user.country" value="DK"/>
    <property name="sun.boot.library.path" value="C:\Program Files\Java\jdk1.8.0_201\jre\bin"/>
    <property name="sun.java.command" value="C:\Users\Bruger\AppData\Local\Temp\surefire1510135325800283440\surefirebooter8421000322472469256.jar C:\Users\Bruger\AppData\Local\Temp\surefire1510135325800283440 2021-09-07T12-11-42_844-jvmRun1 surefire3273777191780601560tmp surefire_0891115609590549852tmp"/>
    <property name="surefire.test.class.path" value="C:\Users\Bruger\Desktop\MyPrograms\MyProjects\TriforkProject\target\test-classes;C:\Users\Bruger\Desktop\MyPrograms\MyProjects\TriforkProject\target\classes;C:\Users\Bruger\.m2\repository\org\junit\jupiter\junit-jupiter-api\5.3.1\junit-jupiter-api-5.3.1.jar;C:\Users\Bruger\.m2\repository\org\apiguardian\apiguardian-api\1.0.0\apiguardian-api-1.0.0.jar;C:\Users\Bruger\.m2\repository\org\opentest4j\opentest4j\1.1.1\opentest4j-1.1.1.jar;C:\Users\Bruger\.m2\repository\org\junit\platform\junit-platform-commons\1.3.1\junit-platform-commons-1.3.1.jar;C:\Users\Bruger\.m2\repository\org\junit\jupiter\junit-jupiter-params\5.3.1\junit-jupiter-params-5.3.1.jar;C:\Users\Bruger\.m2\repository\org\junit\jupiter\junit-jupiter-engine\5.3.1\junit-jupiter-engine-5.3.1.jar;C:\Users\Bruger\.m2\repository\org\junit\platform\junit-platform-engine\1.3.1\junit-platform-engine-1.3.1.jar;"/>
    <property name="sun.cpu.endian" value="little"/>
    <property name="user.home" value="C:\Users\Bruger"/>
    <property name="user.language" value="da"/>
    <property name="java.specification.vendor" value="Oracle Corporation"/>
    <property name="java.home" value="C:\Program Files\Java\jdk1.8.0_201\jre"/>
    <property name="basedir" value="C:\Users\Bruger\Desktop\MyPrograms\MyProjects\TriforkProject"/>
    <property name="file.separator" value="\"/>
    <property name="line.separator" value="&#10;"/>
    <property name="java.vm.specification.vendor" value="Oracle Corporation"/>
    <property name="java.specification.name" value="Java Platform API Specification"/>
    <property name="java.awt.graphicsenv" value="sun.awt.Win32GraphicsEnvironment"/>
    <property name="surefire.real.class.path" value="C:\Users\Bruger\AppData\Local\Temp\surefire1510135325800283440\surefirebooter8421000322472469256.jar;C:\\Users\\Bruger\\.m2\\repository\\org\\jacoco\\org.jacoco.agent\\0.7.7.201606060606\\org.jacoco.agent-0.7.7.201606060606-runtime.jar"/>
    <property name="sun.boot.class.path" value="C:\Program Files\Java\jdk1.8.0_201\jre\lib\resources.jar;C:\Program Files\Java\jdk1.8.0_201\jre\lib\rt.jar;C:\Program Files\Java\jdk1.8.0_201\jre\lib\sunrsasign.jar;C:\Program Files\Java\jdk1.8.0_201\jre\lib\jsse.jar;C:\Program Files\Java\jdk1.8.0_201\jre\lib\jce.jar;C:\Program Files\Java\jdk1.8.0_201\jre\lib\charsets.jar;C:\Program Files\Java\jdk1.8.0_201\jre\lib\jfr.jar;C:\Program Files\Java\jdk1.8.0_201\jre\classes"/>
    <property name="user.script" value=""/>
    <property name="sun.management.compiler" value="HotSpot 64-Bit Tiered Compilers"/>
    <property name="java.runtime.version" value="1.8.0_201-b09"/>
    <property name="user.name" value="Bruger"/>
    <property name="path.separator" value=";"/>
    <property name="os.version" value="10.0"/>
    <property name="java.endorsed.dirs" value="C:\Program Files\Java\jdk1.8.0_201\jre\lib\endorsed"/>
    <property name="java.runtime.name" value="Java(TM) SE Runtime Environment"/>
    <property name="file.encoding" value="UTF-8"/>
    <property name="java.vm.name" value="Java HotSpot(TM) 64-Bit Server VM"/>
    <property name="maven.ext.class.path" value="C:\Program Files\NetBeans-11.2\netbeans\java\maven-nblib\netbeans-eventspy.jar"/>
    <property name="localRepository" value="C:\Users\Bruger\.m2\repository"/>
    <property name="java.vendor.url.bug" value="http://bugreport.sun.com/bugreport/"/>
    <property name="java.io.tmpdir" value="C:\Users\Bruger\AppData\Local\Temp\"/>
    <property name="java.version" value="1.8.0_201"/>
    <property name="user.dir" value="C:\Users\Bruger\Desktop\MyPrograms\MyProjects\TriforkProject"/>
    <property name="os.arch" value="amd64"/>
    <property name="java.vm.specification.name" value="Java Virtual Machine Specification"/>
    <property name="java.awt.printerjob" value="sun.awt.windows.WPrinterJob"/>
    <property name="sun.os.patch.level" value=""/>
    <property name="java.library.path" value="C:\Program Files\Java\jdk1.8.0_201\jre\bin;C:\WINDOWS\Sun\Java\bin;C:\WINDOWS\system32;C:\WINDOWS;C:\Python27\;C:\Python27\Scripts;C:\Program Files (x86)\Common Files\Oracle\Java\javapath;C:\WINDOWS\system32;C:\WINDOWS;C:\WINDOWS\System32\Wbem;C:\WINDOWS\System32\WindowsPowerShell\v1.0\;C:\WINDOWS\System32\OpenSSH\;C:\Program Files\Java\jdk1.8.0_201\bin;C:\Program Files\dotnet\;C:\Program Files\Microsoft SQL Server\130\Tools\Binn\;C:\Program Files\PuTTY\;C:\ProgramData\chocolatey\bin;C:\Program Files\nodejs\;C:\Program Files\Docker\Docker\resources\bin;C:\ProgramData\DockerDesktop\version-bin;C:\Program Files\Inkscape\bin;C:\Program Files\Git\cmd;C:\HashiCorp\Vagrant\bin;C:\Users\Bruger\AppData\Local\Microsoft\WindowsApps;C:\Program Files\Apache Software Foundation\apache-maven-3.6.3\bin;C:\Users\Bruger\AppData\Local\Programs\Microsoft VS Code\bin;C:\Users\Bruger\AppData\Roaming\npm;."/>
    <property name="java.vm.info" value="mixed mode"/>
    <property name="java.vendor" value="Oracle Corporation"/>
    <property name="java.vm.version" value="25.201-b09"/>
    <property name="java.ext.dirs" value="C:\Program Files\Java\jdk1.8.0_201\jre\lib\ext;C:\WINDOWS\Sun\Java\lib\ext"/>
    <property name="sun.io.unicode.encoding" value="UnicodeLittle"/>
    <property name="java.class.version" value="52.0"/>
  </properties>
  <testcase name="testProcessTransfer_Negative_AlreadyProcessedTransfer" classname="Logic.Controller.ExpenseControllerTest" time="0.046"/>
  <testcase name="testProcessTransfer_Negative_MemberNotInLog" classname="Logic.Controller.ExpenseControllerTest" time="0.001"/>
  <testcase name="testAddExpense_Negative_NoMemberWithID" classname="Logic.Controller.ExpenseControllerTest" time="0.005"/>
  <testcase name="testGetAllTransfers" classname="Logic.Controller.ExpenseControllerTest" time="0.001"/>
  <testcase name="testGetExpenses" classname="Logic.Controller.ExpenseControllerTest" time="0.001"/>
  <testcase name="testPaymentsToSettleDebts_UnendingDecimalDivision" classname="Logic.Controller.ExpenseControllerTest" time="0.002"/>
  <testcase name="testConstructor_WithVariables" classname="Logic.Controller.ExpenseControllerTest" time="0"/>
  <testcase name="testPayMember" classname="Logic.Controller.ExpenseControllerTest" time="0.001"/>
  <testcase name="testProcessTransfer_ExpenseTransfer" classname="Logic.Controller.ExpenseControllerTest" time="0.001"/>
  <testcase name="testPaymentsToSettleDebts_OnePayer" classname="Logic.Controller.ExpenseControllerTest" time="0"/>
  <testcase name="testAddExpense" classname="Logic.Controller.ExpenseControllerTest" time="0.001"/>
  <testcase name="testGetMemberBalance" classname="Logic.Controller.ExpenseControllerTest" time="0.001"/>
  <testcase name="testGetAllMemberBalancesAsString" classname="Logic.Controller.ExpenseControllerTest" time="0.004"/>
  <testcase name="testGetExpensesAsString" classname="Logic.Controller.ExpenseControllerTest" time="0.002"/>
  <testcase name="testGetAllTransfersAsString" classname="Logic.Controller.ExpenseControllerTest" time="0.002"/>
  <testcase name="testProcessTransfer_MemberTransfer" classname="Logic.Controller.ExpenseControllerTest" time="0.003"/>
  <testcase name="testAddExpense_Multiple" classname="Logic.Controller.ExpenseControllerTest" time="0.001"/>
  <testcase name="testPrintPaymentsToSettleDebts" classname="Logic.Controller.ExpenseControllerTest" time="0.001"/>
  <testcase name="testConstructor" classname="Logic.Controller.ExpenseControllerTest" time="0"/>
  <testcase name="testPaymentsToSettleDebts_TwoPayers" classname="Logic.Controller.ExpenseControllerTest" time="0.001"/>
</testsuite>